2017-04-02 22:57:20 ERROR StrictErrorReporter:80 - runtimeError: message=[An invalid or illegal selector was specified (selector: '*,:x' error: Invalid selector: *:x).] sourceName=[http://weixin.sogou.com/js/jquery-1.11.0.min.js] line=[2] lineSource=[null] lineOffset=[0]
2017-04-02 22:57:21 ERROR StrictErrorReporter:80 - runtimeError: message=[An invalid or illegal selector was specified (selector: '.news-list:last' error: Invalid selector: *.news-list:last).] sourceName=[http://weixin.sogou.com/js/jquery-1.11.0.min.js] line=[2] lineSource=[null] lineOffset=[0]
2017-04-02 22:57:22 WARN  ResponseProcessCookies:122 - Cookie rejected: "[version: 0][name: SUID][value: F7AC383B771A910A0000000058E1114F][domain: weixin.sogou.com][path: /][expiry: Sat Mar 28 22:57:19 CST 2037]". Illegal domain attribute "weixin.sogou.com". Domain of origin: "w.sugg.sogou.com"
2017-04-02 22:57:22 ERROR HtmlPage:1042 - Error loading JavaScript from [http://w.sugg.sogou.com/sugg/ajaj_json.jsp?type=getpinyin&key=xyzqfzfgs].
java.io.IOException: Unable to download JavaScript from 'http://w.sugg.sogou.com/sugg/ajaj_json.jsp?type=getpinyin&key=xyzqfzfgs' (status 404).
	at com.gargoylesoftware.htmlunit.html.HtmlPage.loadJavaScriptFromUrl(HtmlPage.java:1106)
	at com.gargoylesoftware.htmlunit.html.HtmlPage.loadExternalJavaScriptFile(HtmlPage.java:1039)
	at com.gargoylesoftware.htmlunit.html.HtmlScript.executeScriptIfNeeded(HtmlScript.java:409)
	at com.gargoylesoftware.htmlunit.html.HtmlScript$3.execute(HtmlScript.java:272)
	at com.gargoylesoftware.htmlunit.javascript.JavaScriptEngine.doProcessPostponedActions(JavaScriptEngine.java:729)
	at com.gargoylesoftware.htmlunit.javascript.JavaScriptEngine.access$500(JavaScriptEngine.java:92)
	at com.gargoylesoftware.htmlunit.javascript.JavaScriptEngine$HtmlUnitContextAction.run(JavaScriptEngine.java:679)
	at net.sourceforge.htmlunit.corejs.javascript.Context.call(Context.java:602)
	at net.sourceforge.htmlunit.corejs.javascript.ContextFactory.call(ContextFactory.java:507)
	at com.gargoylesoftware.htmlunit.javascript.JavaScriptEngine.execute(JavaScriptEngine.java:570)
	at com.gargoylesoftware.htmlunit.html.HtmlPage.loadExternalJavaScriptFile(HtmlPage.java:1062)
	at com.gargoylesoftware.htmlunit.html.HtmlScript.executeScriptIfNeeded(HtmlScript.java:409)
	at com.gargoylesoftware.htmlunit.html.HtmlScript$3.execute(HtmlScript.java:272)
	at com.gargoylesoftware.htmlunit.html.HtmlScript.onAllChildrenAddedToPage(HtmlScript.java:286)
	at com.gargoylesoftware.htmlunit.html.HTMLParser$HtmlUnitDOMBuilder.endElement(HTMLParser.java:683)
	at org.apache.xerces.parsers.AbstractSAXParser.endElement(Unknown Source)
	at com.gargoylesoftware.htmlunit.html.HTMLParser$HtmlUnitDOMBuilder.endElement(HTMLParser.java:642)
	at org.cyberneko.html.HTMLTagBalancer.callEndElement(HTMLTagBalancer.java:1170)
	at org.cyberneko.html.HTMLTagBalancer.endElement(HTMLTagBalancer.java:1072)
	at org.cyberneko.html.filters.DefaultFilter.endElement(DefaultFilter.java:206)
	at org.cyberneko.html.filters.NamespaceBinder.endElement(NamespaceBinder.java:330)
	at org.cyberneko.html.HTMLScanner$ContentScanner.scanEndElement(HTMLScanner.java:3116)
	at org.cyberneko.html.HTMLScanner$ContentScanner.scan(HTMLScanner.java:2083)
	at org.cyberneko.html.HTMLScanner.scanDocument(HTMLScanner.java:918)
	at org.cyberneko.html.HTMLConfiguration.parse(HTMLConfiguration.java:499)
	at org.cyberneko.html.HTMLConfiguration.parse(HTMLConfiguration.java:452)
	at org.apache.xerces.parsers.XMLParser.parse(Unknown Source)
	at com.gargoylesoftware.htmlunit.html.HTMLParser$HtmlUnitDOMBuilder.parse(HTMLParser.java:899)
	at com.gargoylesoftware.htmlunit.html.HTMLParser.parse(HTMLParser.java:242)
	at com.gargoylesoftware.htmlunit.html.HTMLParser.parseHtml(HTMLParser.java:188)
	at com.gargoylesoftware.htmlunit.DefaultPageCreator.createHtmlPage(DefaultPageCreator.java:268)
	at com.gargoylesoftware.htmlunit.DefaultPageCreator.createPage(DefaultPageCreator.java:156)
	at com.gargoylesoftware.htmlunit.WebClient.loadWebResponseInto(WebClient.java:437)
	at com.gargoylesoftware.htmlunit.WebClient.getPage(WebClient.java:311)
	at com.gargoylesoftware.htmlunit.WebClient.getPage(WebClient.java:376)
	at com.gargoylesoftware.htmlunit.WebClient.getPage(WebClient.java:361)
	at main.crawlWeixinMain.searchWeixinArticles(crawlWeixinMain.java:228)
	at main.crawlWeixinMain.main(crawlWeixinMain.java:50)
2017-04-02 22:57:22 INFO  crawlWeixinMain:257 - 搜索得到的文章URL:http://mp.weixin.qq.com/s?src=3&timestamp=1491145037&ver=1&signature=uWoxqTlQLMeJ5nPDH86*ul609JMbFVO9I9OIMRbUSkilbOJvDuAlZv*8FTzM-AP3vhVLzsvgbFnetDbOj6kI8nZWL2lspnHjR0xEuXxheZRdPfpLPJMB3sbkhIHTJ68F-PNXtaptWn6*aUuWMitGtQjOdzi60I-KtzENo-f*DI8=
2017-04-02 22:57:22 ERROR HtmlPage:1042 - Error loading JavaScript from [http://res.wx.qq.com/mmbizwap/zh_CN/htmledition/js/biz_wap/moon34c264.js].
java.io.IOException: Unable to download JavaScript from 'http://res.wx.qq.com/mmbizwap/zh_CN/htmledition/js/biz_wap/moon34c264.js' (status 404).
	at com.gargoylesoftware.htmlunit.html.HtmlPage.loadJavaScriptFromUrl(HtmlPage.java:1106)
	at com.gargoylesoftware.htmlunit.html.HtmlPage.loadExternalJavaScriptFile(HtmlPage.java:1039)
	at com.gargoylesoftware.htmlunit.html.HtmlScript.executeScriptIfNeeded(HtmlScript.java:409)
	at com.gargoylesoftware.htmlunit.html.HtmlScript$3.execute(HtmlScript.java:272)
	at com.gargoylesoftware.htmlunit.javascript.JavaScriptEngine.doProcessPostponedActions(JavaScriptEngine.java:729)
	at com.gargoylesoftware.htmlunit.javascript.JavaScriptEngine.access$500(JavaScriptEngine.java:92)
	at com.gargoylesoftware.htmlunit.javascript.JavaScriptEngine$HtmlUnitContextAction.run(JavaScriptEngine.java:679)
	at net.sourceforge.htmlunit.corejs.javascript.Context.call(Context.java:602)
	at net.sourceforge.htmlunit.corejs.javascript.ContextFactory.call(ContextFactory.java:507)
	at com.gargoylesoftware.htmlunit.javascript.JavaScriptEngine.execute(JavaScriptEngine.java:570)
	at com.gargoylesoftware.htmlunit.javascript.JavaScriptEngine.execute(JavaScriptEngine.java:545)
	at com.gargoylesoftware.htmlunit.html.HtmlPage.executeJavaScriptIfPossible(HtmlPage.java:959)
	at com.gargoylesoftware.htmlunit.html.HtmlScript.executeInlineScriptIfNeeded(HtmlScript.java:347)
	at com.gargoylesoftware.htmlunit.html.HtmlScript.executeScriptIfNeeded(HtmlScript.java:425)
	at com.gargoylesoftware.htmlunit.html.HtmlScript$3.execute(HtmlScript.java:272)
	at com.gargoylesoftware.htmlunit.html.HtmlScript.onAllChildrenAddedToPage(HtmlScript.java:286)
	at com.gargoylesoftware.htmlunit.html.HTMLParser$HtmlUnitDOMBuilder.endElement(HTMLParser.java:683)
	at org.apache.xerces.parsers.AbstractSAXParser.endElement(Unknown Source)
	at com.gargoylesoftware.htmlunit.html.HTMLParser$HtmlUnitDOMBuilder.endElement(HTMLParser.java:642)
	at org.cyberneko.html.HTMLTagBalancer.callEndElement(HTMLTagBalancer.java:1170)
	at org.cyberneko.html.HTMLTagBalancer.endElement(HTMLTagBalancer.java:1072)
	at org.cyberneko.html.filters.DefaultFilter.endElement(DefaultFilter.java:206)
	at org.cyberneko.html.filters.NamespaceBinder.endElement(NamespaceBinder.java:330)
	at org.cyberneko.html.HTMLScanner$ContentScanner.scanEndElement(HTMLScanner.java:3116)
	at org.cyberneko.html.HTMLScanner$ContentScanner.scan(HTMLScanner.java:2083)
	at org.cyberneko.html.HTMLScanner.scanDocument(HTMLScanner.java:918)
	at org.cyberneko.html.HTMLConfiguration.parse(HTMLConfiguration.java:499)
	at org.cyberneko.html.HTMLConfiguration.parse(HTMLConfiguration.java:452)
	at org.apache.xerces.parsers.XMLParser.parse(Unknown Source)
	at com.gargoylesoftware.htmlunit.html.HTMLParser$HtmlUnitDOMBuilder.parse(HTMLParser.java:899)
	at com.gargoylesoftware.htmlunit.html.HTMLParser.parse(HTMLParser.java:242)
	at com.gargoylesoftware.htmlunit.html.HTMLParser.parseHtml(HTMLParser.java:188)
	at com.gargoylesoftware.htmlunit.DefaultPageCreator.createHtmlPage(DefaultPageCreator.java:268)
	at com.gargoylesoftware.htmlunit.DefaultPageCreator.createPage(DefaultPageCreator.java:156)
	at com.gargoylesoftware.htmlunit.WebClient.loadWebResponseInto(WebClient.java:437)
	at com.gargoylesoftware.htmlunit.WebClient.getPage(WebClient.java:311)
	at com.gargoylesoftware.htmlunit.WebClient.getPage(WebClient.java:376)
	at com.gargoylesoftware.htmlunit.WebClient.getPage(WebClient.java:361)
	at main.crawlWeixinMain.searchWeixinArticles(crawlWeixinMain.java:259)
	at main.crawlWeixinMain.main(crawlWeixinMain.java:50)
2017-04-02 22:57:31 INFO  crawlWeixinMain:257 - 搜索得到的文章URL:http://mp.weixin.qq.com/s?src=3&timestamp=1491145037&ver=1&signature=uWoxqTlQLMeJ5nPDH86*ul609JMbFVO9I9OIMRbUSkilbOJvDuAlZv*8FTzM-AP3etXfBA*3U-qW2JVt7if8oDvK*oOvY3dc2wWxkUzkh5CTXjTGiQSRZ0tgPreubHh3E4KxoK11FRd9-OCCc-ziLdASd5mOjMAONZHMfQUJ2j8=
2017-04-02 22:57:31 ERROR HtmlPage:1042 - Error loading JavaScript from [http://res.wx.qq.com/mmbizwap/zh_CN/htmledition/js/biz_wap/moon34c264.js].
java.io.IOException: Unable to download JavaScript from 'http://res.wx.qq.com/mmbizwap/zh_CN/htmledition/js/biz_wap/moon34c264.js' (status 404).
	at com.gargoylesoftware.htmlunit.html.HtmlPage.loadJavaScriptFromUrl(HtmlPage.java:1106)
	at com.gargoylesoftware.htmlunit.html.HtmlPage.loadExternalJavaScriptFile(HtmlPage.java:1039)
	at com.gargoylesoftware.htmlunit.html.HtmlScript.executeScriptIfNeeded(HtmlScript.java:409)
	at com.gargoylesoftware.htmlunit.html.HtmlScript$3.execute(HtmlScript.java:272)
	at com.gargoylesoftware.htmlunit.javascript.JavaScriptEngine.doProcessPostponedActions(JavaScriptEngine.java:729)
	at com.gargoylesoftware.htmlunit.javascript.JavaScriptEngine.access$500(JavaScriptEngine.java:92)
	at com.gargoylesoftware.htmlunit.javascript.JavaScriptEngine$HtmlUnitContextAction.run(JavaScriptEngine.java:679)
	at net.sourceforge.htmlunit.corejs.javascript.Context.call(Context.java:602)
	at net.sourceforge.htmlunit.corejs.javascript.ContextFactory.call(ContextFactory.java:507)
	at com.gargoylesoftware.htmlunit.javascript.JavaScriptEngine.execute(JavaScriptEngine.java:570)
	at com.gargoylesoftware.htmlunit.javascript.JavaScriptEngine.execute(JavaScriptEngine.java:545)
	at com.gargoylesoftware.htmlunit.html.HtmlPage.executeJavaScriptIfPossible(HtmlPage.java:959)
	at com.gargoylesoftware.htmlunit.html.HtmlScript.executeInlineScriptIfNeeded(HtmlScript.java:347)
	at com.gargoylesoftware.htmlunit.html.HtmlScript.executeScriptIfNeeded(HtmlScript.java:425)
	at com.gargoylesoftware.htmlunit.html.HtmlScript$3.execute(HtmlScript.java:272)
	at com.gargoylesoftware.htmlunit.html.HtmlScript.onAllChildrenAddedToPage(HtmlScript.java:286)
	at com.gargoylesoftware.htmlunit.html.HTMLParser$HtmlUnitDOMBuilder.endElement(HTMLParser.java:683)
	at org.apache.xerces.parsers.AbstractSAXParser.endElement(Unknown Source)
	at com.gargoylesoftware.htmlunit.html.HTMLParser$HtmlUnitDOMBuilder.endElement(HTMLParser.java:642)
	at org.cyberneko.html.HTMLTagBalancer.callEndElement(HTMLTagBalancer.java:1170)
	at org.cyberneko.html.HTMLTagBalancer.endElement(HTMLTagBalancer.java:1072)
	at org.cyberneko.html.filters.DefaultFilter.endElement(DefaultFilter.java:206)
	at org.cyberneko.html.filters.NamespaceBinder.endElement(NamespaceBinder.java:330)
	at org.cyberneko.html.HTMLScanner$ContentScanner.scanEndElement(HTMLScanner.java:3116)
	at org.cyberneko.html.HTMLScanner$ContentScanner.scan(HTMLScanner.java:2083)
	at org.cyberneko.html.HTMLScanner.scanDocument(HTMLScanner.java:918)
	at org.cyberneko.html.HTMLConfiguration.parse(HTMLConfiguration.java:499)
	at org.cyberneko.html.HTMLConfiguration.parse(HTMLConfiguration.java:452)
	at org.apache.xerces.parsers.XMLParser.parse(Unknown Source)
	at com.gargoylesoftware.htmlunit.html.HTMLParser$HtmlUnitDOMBuilder.parse(HTMLParser.java:899)
	at com.gargoylesoftware.htmlunit.html.HTMLParser.parse(HTMLParser.java:242)
	at com.gargoylesoftware.htmlunit.html.HTMLParser.parseHtml(HTMLParser.java:188)
	at com.gargoylesoftware.htmlunit.DefaultPageCreator.createHtmlPage(DefaultPageCreator.java:268)
	at com.gargoylesoftware.htmlunit.DefaultPageCreator.createPage(DefaultPageCreator.java:156)
	at com.gargoylesoftware.htmlunit.WebClient.loadWebResponseInto(WebClient.java:437)
	at com.gargoylesoftware.htmlunit.WebClient.getPage(WebClient.java:311)
	at com.gargoylesoftware.htmlunit.WebClient.getPage(WebClient.java:376)
	at com.gargoylesoftware.htmlunit.WebClient.getPage(WebClient.java:361)
	at main.crawlWeixinMain.searchWeixinArticles(crawlWeixinMain.java:259)
	at main.crawlWeixinMain.main(crawlWeixinMain.java:50)
2017-04-02 22:57:39 INFO  crawlWeixinMain:257 - 搜索得到的文章URL:http://mp.weixin.qq.com/s?src=3&timestamp=1491145037&ver=1&signature=uWoxqTlQLMeJ5nPDH86*ul609JMbFVO9I9OIMRbUSkilbOJvDuAlZv*8FTzM-AP39VSKdj-Gx9wTJjZ3FBEYtuV-hQj2CErxxleBbYf6I5s3VFYeMxZtb9sOnxg0PKt-M6eecOTuw8k87occ2AV604aPEst9rL0oZUBuK2Eod84=
2017-04-02 22:57:39 ERROR HtmlPage:1042 - Error loading JavaScript from [http://res.wx.qq.com/mmbizwap/zh_CN/htmledition/js/biz_wap/moon34c264.js].
java.io.IOException: Unable to download JavaScript from 'http://res.wx.qq.com/mmbizwap/zh_CN/htmledition/js/biz_wap/moon34c264.js' (status 404).
	at com.gargoylesoftware.htmlunit.html.HtmlPage.loadJavaScriptFromUrl(HtmlPage.java:1106)
	at com.gargoylesoftware.htmlunit.html.HtmlPage.loadExternalJavaScriptFile(HtmlPage.java:1039)
	at com.gargoylesoftware.htmlunit.html.HtmlScript.executeScriptIfNeeded(HtmlScript.java:409)
	at com.gargoylesoftware.htmlunit.html.HtmlScript$3.execute(HtmlScript.java:272)
	at com.gargoylesoftware.htmlunit.javascript.JavaScriptEngine.doProcessPostponedActions(JavaScriptEngine.java:729)
	at com.gargoylesoftware.htmlunit.javascript.JavaScriptEngine.access$500(JavaScriptEngine.java:92)
	at com.gargoylesoftware.htmlunit.javascript.JavaScriptEngine$HtmlUnitContextAction.run(JavaScriptEngine.java:679)
	at net.sourceforge.htmlunit.corejs.javascript.Context.call(Context.java:602)
	at net.sourceforge.htmlunit.corejs.javascript.ContextFactory.call(ContextFactory.java:507)
	at com.gargoylesoftware.htmlunit.javascript.JavaScriptEngine.execute(JavaScriptEngine.java:570)
	at com.gargoylesoftware.htmlunit.javascript.JavaScriptEngine.execute(JavaScriptEngine.java:545)
	at com.gargoylesoftware.htmlunit.html.HtmlPage.executeJavaScriptIfPossible(HtmlPage.java:959)
	at com.gargoylesoftware.htmlunit.html.HtmlScript.executeInlineScriptIfNeeded(HtmlScript.java:347)
	at com.gargoylesoftware.htmlunit.html.HtmlScript.executeScriptIfNeeded(HtmlScript.java:425)
	at com.gargoylesoftware.htmlunit.html.HtmlScript$3.execute(HtmlScript.java:272)
	at com.gargoylesoftware.htmlunit.html.HtmlScript.onAllChildrenAddedToPage(HtmlScript.java:286)
	at com.gargoylesoftware.htmlunit.html.HTMLParser$HtmlUnitDOMBuilder.endElement(HTMLParser.java:683)
	at org.apache.xerces.parsers.AbstractSAXParser.endElement(Unknown Source)
	at com.gargoylesoftware.htmlunit.html.HTMLParser$HtmlUnitDOMBuilder.endElement(HTMLParser.java:642)
	at org.cyberneko.html.HTMLTagBalancer.callEndElement(HTMLTagBalancer.java:1170)
	at org.cyberneko.html.HTMLTagBalancer.endElement(HTMLTagBalancer.java:1072)
	at org.cyberneko.html.filters.DefaultFilter.endElement(DefaultFilter.java:206)
	at org.cyberneko.html.filters.NamespaceBinder.endElement(NamespaceBinder.java:330)
	at org.cyberneko.html.HTMLScanner$ContentScanner.scanEndElement(HTMLScanner.java:3116)
	at org.cyberneko.html.HTMLScanner$ContentScanner.scan(HTMLScanner.java:2083)
	at org.cyberneko.html.HTMLScanner.scanDocument(HTMLScanner.java:918)
	at org.cyberneko.html.HTMLConfiguration.parse(HTMLConfiguration.java:499)
	at org.cyberneko.html.HTMLConfiguration.parse(HTMLConfiguration.java:452)
	at org.apache.xerces.parsers.XMLParser.parse(Unknown Source)
	at com.gargoylesoftware.htmlunit.html.HTMLParser$HtmlUnitDOMBuilder.parse(HTMLParser.java:899)
	at com.gargoylesoftware.htmlunit.html.HTMLParser.parse(HTMLParser.java:242)
	at com.gargoylesoftware.htmlunit.html.HTMLParser.parseHtml(HTMLParser.java:188)
	at com.gargoylesoftware.htmlunit.DefaultPageCreator.createHtmlPage(DefaultPageCreator.java:268)
	at com.gargoylesoftware.htmlunit.DefaultPageCreator.createPage(DefaultPageCreator.java:156)
	at com.gargoylesoftware.htmlunit.WebClient.loadWebResponseInto(WebClient.java:437)
	at com.gargoylesoftware.htmlunit.WebClient.getPage(WebClient.java:311)
	at com.gargoylesoftware.htmlunit.WebClient.getPage(WebClient.java:376)
	at com.gargoylesoftware.htmlunit.WebClient.getPage(WebClient.java:361)
	at main.crawlWeixinMain.searchWeixinArticles(crawlWeixinMain.java:259)
	at main.crawlWeixinMain.main(crawlWeixinMain.java:50)
2017-04-02 22:57:49 INFO  crawlWeixinMain:257 - 搜索得到的文章URL:http://mp.weixin.qq.com/s?src=3&timestamp=1491145037&ver=1&signature=uWoxqTlQLMeJ5nPDH86*ul609JMbFVO9I9OIMRbUSkilbOJvDuAlZv*8FTzM-AP3pRyTJPvq0i8mwEjWKugpD-FpX1JHD-*9x-SvVdmDqMeJjl5Xg7tjYwauaPXpggnYsLhRJ2pkLwTKaoLkueRwxqnUgFphXp1caefENBZTl6k=
2017-04-02 22:57:49 ERROR HtmlPage:1042 - Error loading JavaScript from [http://res.wx.qq.com/mmbizwap/zh_CN/htmledition/js/biz_wap/moon34c264.js].
java.io.IOException: Unable to download JavaScript from 'http://res.wx.qq.com/mmbizwap/zh_CN/htmledition/js/biz_wap/moon34c264.js' (status 404).
	at com.gargoylesoftware.htmlunit.html.HtmlPage.loadJavaScriptFromUrl(HtmlPage.java:1106)
	at com.gargoylesoftware.htmlunit.html.HtmlPage.loadExternalJavaScriptFile(HtmlPage.java:1039)
	at com.gargoylesoftware.htmlunit.html.HtmlScript.executeScriptIfNeeded(HtmlScript.java:409)
	at com.gargoylesoftware.htmlunit.html.HtmlScript$3.execute(HtmlScript.java:272)
	at com.gargoylesoftware.htmlunit.javascript.JavaScriptEngine.doProcessPostponedActions(JavaScriptEngine.java:729)
	at com.gargoylesoftware.htmlunit.javascript.JavaScriptEngine.access$500(JavaScriptEngine.java:92)
	at com.gargoylesoftware.htmlunit.javascript.JavaScriptEngine$HtmlUnitContextAction.run(JavaScriptEngine.java:679)
	at net.sourceforge.htmlunit.corejs.javascript.Context.call(Context.java:602)
	at net.sourceforge.htmlunit.corejs.javascript.ContextFactory.call(ContextFactory.java:507)
	at com.gargoylesoftware.htmlunit.javascript.JavaScriptEngine.execute(JavaScriptEngine.java:570)
	at com.gargoylesoftware.htmlunit.javascript.JavaScriptEngine.execute(JavaScriptEngine.java:545)
	at com.gargoylesoftware.htmlunit.html.HtmlPage.executeJavaScriptIfPossible(HtmlPage.java:959)
	at com.gargoylesoftware.htmlunit.html.HtmlScript.executeInlineScriptIfNeeded(HtmlScript.java:347)
	at com.gargoylesoftware.htmlunit.html.HtmlScript.executeScriptIfNeeded(HtmlScript.java:425)
	at com.gargoylesoftware.htmlunit.html.HtmlScript$3.execute(HtmlScript.java:272)
	at com.gargoylesoftware.htmlunit.html.HtmlScript.onAllChildrenAddedToPage(HtmlScript.java:286)
	at com.gargoylesoftware.htmlunit.html.HTMLParser$HtmlUnitDOMBuilder.endElement(HTMLParser.java:683)
	at org.apache.xerces.parsers.AbstractSAXParser.endElement(Unknown Source)
	at com.gargoylesoftware.htmlunit.html.HTMLParser$HtmlUnitDOMBuilder.endElement(HTMLParser.java:642)
	at org.cyberneko.html.HTMLTagBalancer.callEndElement(HTMLTagBalancer.java:1170)
	at org.cyberneko.html.HTMLTagBalancer.endElement(HTMLTagBalancer.java:1072)
	at org.cyberneko.html.filters.DefaultFilter.endElement(DefaultFilter.java:206)
	at org.cyberneko.html.filters.NamespaceBinder.endElement(NamespaceBinder.java:330)
	at org.cyberneko.html.HTMLScanner$ContentScanner.scanEndElement(HTMLScanner.java:3116)
	at org.cyberneko.html.HTMLScanner$ContentScanner.scan(HTMLScanner.java:2083)
	at org.cyberneko.html.HTMLScanner.scanDocument(HTMLScanner.java:918)
	at org.cyberneko.html.HTMLConfiguration.parse(HTMLConfiguration.java:499)
	at org.cyberneko.html.HTMLConfiguration.parse(HTMLConfiguration.java:452)
	at org.apache.xerces.parsers.XMLParser.parse(Unknown Source)
	at com.gargoylesoftware.htmlunit.html.HTMLParser$HtmlUnitDOMBuilder.parse(HTMLParser.java:899)
	at com.gargoylesoftware.htmlunit.html.HTMLParser.parse(HTMLParser.java:242)
	at com.gargoylesoftware.htmlunit.html.HTMLParser.parseHtml(HTMLParser.java:188)
	at com.gargoylesoftware.htmlunit.DefaultPageCreator.createHtmlPage(DefaultPageCreator.java:268)
	at com.gargoylesoftware.htmlunit.DefaultPageCreator.createPage(DefaultPageCreator.java:156)
	at com.gargoylesoftware.htmlunit.WebClient.loadWebResponseInto(WebClient.java:437)
	at com.gargoylesoftware.htmlunit.WebClient.getPage(WebClient.java:311)
	at com.gargoylesoftware.htmlunit.WebClient.getPage(WebClient.java:376)
	at com.gargoylesoftware.htmlunit.WebClient.getPage(WebClient.java:361)
	at main.crawlWeixinMain.searchWeixinArticles(crawlWeixinMain.java:259)
	at main.crawlWeixinMain.main(crawlWeixinMain.java:50)
2017-04-02 22:58:00 INFO  crawlWeixinMain:257 - 搜索得到的文章URL:http://mp.weixin.qq.com/s?src=3&timestamp=1491145037&ver=1&signature=uWoxqTlQLMeJ5nPDH86*ul609JMbFVO9I9OIMRbUSkilbOJvDuAlZv*8FTzM-AP3ZYDjvI0UmFRdeA2DxibK-2BUVsUqNWxhvlTXwsbQSjbsjgQ5OMg6auPrSEkK1LsXavtkQx3ULztb*b4vGonpPPWiUvVhg81h0KxFEdX2*H0=
2017-04-02 22:58:00 ERROR HtmlPage:1042 - Error loading JavaScript from [http://res.wx.qq.com/mmbizwap/zh_CN/htmledition/js/biz_wap/moon34c264.js].
java.io.IOException: Unable to download JavaScript from 'http://res.wx.qq.com/mmbizwap/zh_CN/htmledition/js/biz_wap/moon34c264.js' (status 404).
	at com.gargoylesoftware.htmlunit.html.HtmlPage.loadJavaScriptFromUrl(HtmlPage.java:1106)
	at com.gargoylesoftware.htmlunit.html.HtmlPage.loadExternalJavaScriptFile(HtmlPage.java:1039)
	at com.gargoylesoftware.htmlunit.html.HtmlScript.executeScriptIfNeeded(HtmlScript.java:409)
	at com.gargoylesoftware.htmlunit.html.HtmlScript$3.execute(HtmlScript.java:272)
	at com.gargoylesoftware.htmlunit.javascript.JavaScriptEngine.doProcessPostponedActions(JavaScriptEngine.java:729)
	at com.gargoylesoftware.htmlunit.javascript.JavaScriptEngine.access$500(JavaScriptEngine.java:92)
	at com.gargoylesoftware.htmlunit.javascript.JavaScriptEngine$HtmlUnitContextAction.run(JavaScriptEngine.java:679)
	at net.sourceforge.htmlunit.corejs.javascript.Context.call(Context.java:602)
	at net.sourceforge.htmlunit.corejs.javascript.ContextFactory.call(ContextFactory.java:507)
	at com.gargoylesoftware.htmlunit.javascript.JavaScriptEngine.execute(JavaScriptEngine.java:570)
	at com.gargoylesoftware.htmlunit.javascript.JavaScriptEngine.execute(JavaScriptEngine.java:545)
	at com.gargoylesoftware.htmlunit.html.HtmlPage.executeJavaScriptIfPossible(HtmlPage.java:959)
	at com.gargoylesoftware.htmlunit.html.HtmlScript.executeInlineScriptIfNeeded(HtmlScript.java:347)
	at com.gargoylesoftware.htmlunit.html.HtmlScript.executeScriptIfNeeded(HtmlScript.java:425)
	at com.gargoylesoftware.htmlunit.html.HtmlScript$3.execute(HtmlScript.java:272)
	at com.gargoylesoftware.htmlunit.html.HtmlScript.onAllChildrenAddedToPage(HtmlScript.java:286)
	at com.gargoylesoftware.htmlunit.html.HTMLParser$HtmlUnitDOMBuilder.endElement(HTMLParser.java:683)
	at org.apache.xerces.parsers.AbstractSAXParser.endElement(Unknown Source)
	at com.gargoylesoftware.htmlunit.html.HTMLParser$HtmlUnitDOMBuilder.endElement(HTMLParser.java:642)
	at org.cyberneko.html.HTMLTagBalancer.callEndElement(HTMLTagBalancer.java:1170)
	at org.cyberneko.html.HTMLTagBalancer.endElement(HTMLTagBalancer.java:1072)
	at org.cyberneko.html.filters.DefaultFilter.endElement(DefaultFilter.java:206)
	at org.cyberneko.html.filters.NamespaceBinder.endElement(NamespaceBinder.java:330)
	at org.cyberneko.html.HTMLScanner$ContentScanner.scanEndElement(HTMLScanner.java:3116)
	at org.cyberneko.html.HTMLScanner$ContentScanner.scan(HTMLScanner.java:2083)
	at org.cyberneko.html.HTMLScanner.scanDocument(HTMLScanner.java:918)
	at org.cyberneko.html.HTMLConfiguration.parse(HTMLConfiguration.java:499)
	at org.cyberneko.html.HTMLConfiguration.parse(HTMLConfiguration.java:452)
	at org.apache.xerces.parsers.XMLParser.parse(Unknown Source)
	at com.gargoylesoftware.htmlunit.html.HTMLParser$HtmlUnitDOMBuilder.parse(HTMLParser.java:899)
	at com.gargoylesoftware.htmlunit.html.HTMLParser.parse(HTMLParser.java:242)
	at com.gargoylesoftware.htmlunit.html.HTMLParser.parseHtml(HTMLParser.java:188)
	at com.gargoylesoftware.htmlunit.DefaultPageCreator.createHtmlPage(DefaultPageCreator.java:268)
	at com.gargoylesoftware.htmlunit.DefaultPageCreator.createPage(DefaultPageCreator.java:156)
	at com.gargoylesoftware.htmlunit.WebClient.loadWebResponseInto(WebClient.java:437)
	at com.gargoylesoftware.htmlunit.WebClient.getPage(WebClient.java:311)
	at com.gargoylesoftware.htmlunit.WebClient.getPage(WebClient.java:376)
	at com.gargoylesoftware.htmlunit.WebClient.getPage(WebClient.java:361)
	at main.crawlWeixinMain.searchWeixinArticles(crawlWeixinMain.java:259)
	at main.crawlWeixinMain.main(crawlWeixinMain.java:50)
